Arguments: 
  C:\Program Files\nodejs\node.exe C:\Users\luis.motta\AppData\Roaming\npm\node_modules\yarn\bin\yarn.js add -D @types/loadash --save

PATH: 
  C:\Program Files\WindowsApps\Microsoft.WindowsTerminal_1.11.3471.0_x64__8wekyb3d8bbwe;C:\Program Files\Microsoft\jdk-11.0.12.7-hotspot\bin;C:\Program Files\Common Files\Oracle\Java\javapath;C:\Program Files (x86)\Common Files\Oracle\Java\javapath;C:\Windows\system32;C:\Windows;C:\Windows\System32\Wbem;C:\Windows\System32\WindowsPowerShell\v1.0\;C:\Windows\System32\OpenSSH\;C:\Program Files\Microsoft SQL Server\150\Tools\Binn\;C:\Program Files\Microsoft SQL Server\Client SDK\ODBC\170\Tools\Binn\;C:\Program Files (x86)\Microsoft SQL Server\150\DTS\Binn\;C:\Program Files\Azure Data Studio\bin;C:\Program Files\nodejs\;C:\apache-maven-3.8.4\bin;C:\Users\luis.motta\AppData\Local\Packages\PythonSoftwareFoundation.Python.3.9_qbz5n2kfra8p0\LocalCache\local-packages\Python39\Scripts;C:\Program Files (x86)\ArcGIS\Bin;C:\Program Files\Docker\Docker\resources\bin;C:\ProgramData\DockerDesktop\version-bin;"C:\instant_client_oracle_21.3.0.0.0\instantclient_21_3;C:\Program Files\Microsoft\jdk-11.0.12.7-hotspot\bin;C:\Program Files\Common Files\Oracle\Java\javapath;C:\Program Files (x86)\Common Files\Oracle\Java\javapath;C:\Windows\system32;C:\Windows;C:\Windows\System32\Wbem;C:\Windows\System32\WindowsPowerShell\v1.0\;C:\Windows\System32\OpenSSH\;C:\Program Files\Microsoft SQL Server\150\Tools\Binn\;C:\Program Files\Microsoft SQL Server\Client SDK\ODBC\170\Tools\Binn\;C:\Program Files (x86)\Microsoft SQL Server\150\DTS\Binn\;C:\Program Files\Azure Data Studio\bin;C:\Program Files\nodejs\;C:\apache-maven-3.8.4\bin;C:\Program Files\dotnet\;C:\Users\luis.motta\AppData\Local\Packages\PythonSoftwareFoundation.Python.3.9_qbz5n2kfra8p0\LocalCache\local-packages\Python39\Scripts;C:\Program Files (x86)\ArcGIS\Bin;C:\Program Files\Docker\Docker\resources\bin;C:\ProgramData\DockerDesktop\version-bin;"C:\instant_client_oracle_21.3.0.0.0\instantclient_21_3;C:\Program Files\Microsoft\jdk-11.0.12.7-hotspot\bin;C:\Program Files\Common Files\Oracle\Java\javapath;C:\Program Files (x86)\Common Files\Oracle\Java\javapath;C:\Windows\system32;C:\Windows;C:\Windows\System32\Wbem;C:\Windows\System32\WindowsPowerShell\v1.0\;C:\Windows\System32\OpenSSH\;C:\Program Files\Microsoft SQL Server\150\Tools\Binn\;C:\Program Files\Microsoft SQL Server\Client SDK\ODBC\170\Tools\Binn\;C:\Program Files (x86)\Microsoft SQL Server\150\DTS\Binn\;C:\Program Files\Azure Data Studio\bin;C:\Program Files\nodejs\;C:\apache-maven-3.8.4\bin;C:\Program Files\dotnet\;C:\Users\luis.motta\AppData\Local\Packages\PythonSoftwareFoundation.Python.3.9_qbz5n2kfra8p0\LocalCache\local-packages\Python39\Scripts;C:\Program Files (x86)\ArcGIS\Bin;C:\Program Files\Docker\Docker\resources\bin;C:\ProgramData\DockerDesktop\version-bin;"C:\instant_client_oracle_21.3.0.0.0\instantclient_21_3;%PATH%";C:\Program Files\Git\cmd;C:\Program Files\TortoiseGit\bin;C:\Users\luis.motta\Anaconda3;C:\Users\luis.motta\Anaconda3\Library\mingw-w64\bin;C:\Users\luis.motta\Anaconda3\Library\usr\bin;C:\Users\luis.motta\Anaconda3\Library\bin;C:\Users\luis.motta\Anaconda3\Scripts;C:\Users\luis.motta\AppData\Local\Microsoft\WindowsApps;C:\Program Files (x86)\Sophos\Sophos SSL VPN Client\bin;C:\Users\luis.motta\AppData\Local\Programs\Microsoft VS Code\bin;C:\Program Files\JetBrains\PyCharm Community Edition 2021.3\bin;C:\Program Files\JetBrains\IntelliJ IDEA Community Edition 2021.3\bin;C:\Users\luis.motta\AppData\Roaming\npm;C:\Users\luis.motta\.dotnet\tools";C:\Program Files\Git\cmd;C:\Program Files\TortoiseGit\bin;C:\Users\luis.motta\Anaconda3;C:\Users\luis.motta\Anaconda3\Library\mingw-w64\bin;C:\Users\luis.motta\Anaconda3\Library\usr\bin;C:\Users\luis.motta\Anaconda3\Library\bin;C:\Users\luis.motta\Anaconda3\Scripts;C:\Users\luis.motta\AppData\Local\Microsoft\WindowsApps;C:\Program Files (x86)\Sophos\Sophos SSL VPN Client\bin;C:\Users\luis.motta\AppData\Local\Programs\Microsoft VS Code\bin;C:\Program Files\JetBrains\PyCharm Community Edition 2021.3\bin;C:\Program Files\JetBrains\IntelliJ IDEA Community Edition 2021.3\bin;C:\Users\luis.motta\AppData\Roaming\npm;C:\Users\luis.motta\.dotnet\tools";C:\Program Files\Git\cmd;C:\Program Files\TortoiseGit\bin;C:\Program Files\dotnet\

Yarn version: 
  1.22.17

Node version: 
  16.13.1

Platform: 
  win32 x64

Trace: 
  Error: https://registry.yarnpkg.com/@types%2floadash: Not found
      at Request.params.callback [as _callback] (C:\Users\luis.motta\AppData\Roaming\npm\node_modules\yarn\lib\cli.js:67029:18)
      at Request.self.callback (C:\Users\luis.motta\AppData\Roaming\npm\node_modules\yarn\lib\cli.js:140883:22)
      at Request.emit (node:events:390:28)
      at Request.<anonymous> (C:\Users\luis.motta\AppData\Roaming\npm\node_modules\yarn\lib\cli.js:141855:10)
      at Request.emit (node:events:390:28)
      at IncomingMessage.<anonymous> (C:\Users\luis.motta\AppData\Roaming\npm\node_modules\yarn\lib\cli.js:141777:12)
      at Object.onceWrapper (node:events:509:28)
      at IncomingMessage.emit (node:events:402:35)
      at endReadableNT (node:internal/streams/readable:1343:12)
      at processTicksAndRejections (node:internal/process/task_queues:83:21)

npm manifest: 
  {
    "private": true,
    "name": "remix-app-template",
    "description": "",
    "license": "",
    "scripts": {
      "build": "npm run build:css && remix build",
      "build:css": "tailwindcss -i ./app/styles/tailwind.css -o ./app/tailwind.css --minify",
      "dev": "concurrently \"npm run dev:css\" \"remix dev\"",
      "dev:css": "tailwindcss -i ./app/styles/tailwind.css -o ./app/tailwind.css --watch",
      "postinstall": "remix setup node",
      "start": "remix-serve build"
    },
    "dependencies": {
      "@remix-run/react": "^1.1.3",
      "@remix-run/serve": "^1.1.3",
      "@supabase/supabase-js": "^1.30.0",
      "dotenv": "^16.0.0",
      "invariant": "^2.2.4",
      "loadash": "^1.0.0",
      "react": "^17.0.2",
      "react-dom": "^17.0.2",
      "remix": "^1.1.3",
      "tiny-invariant": "^1.2.0"
    },
    "devDependencies": {
      "@headlessui/react": "^1.4.3",
      "@heroicons/react": "^1.0.5",
      "@remix-run/dev": "^1.1.3",
      "@tailwindcss/forms": "^0.4.0",
      "@types/react": "^17.0.24",
      "@types/react-dom": "^17.0.9",
      "concurrently": "^7.0.0",
      "tailwindcss": "^3.0.19",
      "typescript": "^4.1.2"
    },
    "engines": {
      "node": ">=14"
    },
    "sideEffects": false
  }

yarn manifest: 
  No manifest

Lockfile: 
  No lockfile
